<?xml version="1.0" encoding="UTF-8"?>
<!-- Generated by org.testng.reporters.JUnitReportReporter -->
<testsuite skipped="0" hostname="ACLA017P2850" name="wingify.task1.TestRunner" tests="5" failures="0" timestamp="04 Oct 2019 11:52:25 GMT" time="26.529" errors="0">
  <testcase name="launchVWOApplication" time="13.033" classname="wingify.task1.TestRunner"/>
  <testcase name="verifyElementTabIsHighlighted" time="0.156" classname="wingify.task1.TestRunner"/>
  <testcase name="launchHeatMap" time="2.061" classname="wingify.task1.TestRunner"/>
  <testcase name="verifyHeatMap" time="11.005" classname="wingify.task1.TestRunner"/>
  <testcase name="clickOnElementTab" time="0.274" classname="wingify.task1.TestRunner"/>
</testsuite> <!-- wingify.task1.TestRunner -->
